Determining if the pthread_create exist failed with the following output:
Change Dir: /home/ubuntu/bill_ros/bill_ws/build/CMakeFiles/CMakeTmp

Run Build Command:"/usr/bin/make" "cmTC_71cdb/fast"
/usr/bin/make -f CMakeFiles/cmTC_71cdb.dir/build.make CMakeFiles/cmTC_71cdb.dir/build
make[1]: Entering directory '/home/ubuntu/bill_ros/bill_ws/build/CMakeFiles/CMakeTmp'
Building C object CMakeFiles/cmTC_71cdb.dir/CheckSymbolExists.c.o
/usr/bin/cc     -o CMakeFiles/cmTC_71cdb.dir/CheckSymbolExists.c.o   -c /home/ubuntu/bill_ros/bill_ws/build/CMakeFiles/CMakeTmp/CheckSymbolExists.c
Linking C executable cmTC_71cdb
/usr/bin/cmake -E cmake_link_script CMakeFiles/cmTC_71cdb.dir/link.txt --verbose=1
/usr/bin/cc       CMakeFiles/cmTC_71cdb.dir/CheckSymbolExists.c.o  -o cmTC_71cdb -rdynamic 
CMakeFiles/cmTC_71cdb.dir/CheckSymbolExists.c.o: In function `main':
CheckSymbolExists.c:(.text+0xe): undefined reference to `pthread_create'
CheckSymbolExists.c:(.text+0x12): undefined reference to `pthread_create'
collect2: error: ld returned 1 exit status
CMakeFiles/cmTC_71cdb.dir/build.make:97: recipe for target 'cmTC_71cdb' failed
make[1]: *** [cmTC_71cdb] Error 1
make[1]: Leaving directory '/home/ubuntu/bill_ros/bill_ws/build/CMakeFiles/CMakeTmp'
Makefile:126: recipe for target 'cmTC_71cdb/fast' failed
make: *** [cmTC_71cdb/fast] Error 2

File /home/ubuntu/bill_ros/bill_ws/build/CMakeFiles/CMakeTmp/CheckSymbolExists.c:
/* */
#include <pthread.h>

int main(int argc, char** argv)
{
  (void)argv;
#ifndef pthread_create
  return ((int*)(&pthread_create))[argc];
#else
  (void)argc;
  return 0;
#endif
}

Determining if the function pthread_create exists in the pthreads failed with the following output:
Change Dir: /home/ubuntu/bill_ros/bill_ws/build/CMakeFiles/CMakeTmp

Run Build Command:"/usr/bin/make" "cmTC_cc43c/fast"
/usr/bin/make -f CMakeFiles/cmTC_cc43c.dir/build.make CMakeFiles/cmTC_cc43c.dir/build
make[1]: Entering directory '/home/ubuntu/bill_ros/bill_ws/build/CMakeFiles/CMakeTmp'
Building C object CMakeFiles/cmTC_cc43c.dir/CheckFunctionExists.c.o
/usr/bin/cc    -DCHECK_FUNCTION_EXISTS=pthread_create   -o CMakeFiles/cmTC_cc43c.dir/CheckFunctionExists.c.o   -c /usr/share/cmake-3.5/Modules/CheckFunctionExists.c
Linking C executable cmTC_cc43c
/usr/bin/cmake -E cmake_link_script CMakeFiles/cmTC_cc43c.dir/link.txt --verbose=1
/usr/bin/cc   -DCHECK_FUNCTION_EXISTS=pthread_create    CMakeFiles/cmTC_cc43c.dir/CheckFunctionExists.c.o  -o cmTC_cc43c -rdynamic -lpthreads 
/usr/bin/ld: cannot find -lpthreads
collect2: error: ld returned 1 exit status
CMakeFiles/cmTC_cc43c.dir/build.make:97: recipe for target 'cmTC_cc43c' failed
make[1]: *** [cmTC_cc43c] Error 1
make[1]: Leaving directory '/home/ubuntu/bill_ros/bill_ws/build/CMakeFiles/CMakeTmp'
Makefile:126: recipe for target 'cmTC_cc43c/fast' failed
make: *** [cmTC_cc43c/fast] Error 2


